<html>
<head>
<title>TestNG:  Test</title>
<link href="../testng.css" rel="stylesheet" type="text/css" />
<link href="../my-testng.css" rel="stylesheet" type="text/css" />

<style type="text/css">
.log { display: none;} 
.stack-trace { display: none;} 
</style>
<script type="text/javascript">
<!--
function flip(e) {
  current = e.style.display;
  if (current == 'block') {
    e.style.display = 'none';
    return 0;
  }
  else {
    e.style.display = 'block';
    return 1;
  }
}

function toggleBox(szDivId, elem, msg1, msg2)
{
  var res = -1;  if (document.getElementById) {
    res = flip(document.getElementById(szDivId));
  }
  else if (document.all) {
    // this is the way old msie versions work
    res = flip(document.all[szDivId]);
  }
  if(elem) {
    if(res == 0) elem.innerHTML = msg1; else elem.innerHTML = msg2;
  }

}

function toggleAllBoxes() {
  if (document.getElementsByTagName) {
    d = document.getElementsByTagName('div');
    for (i = 0; i < d.length; i++) {
      if (d[i].className == 'log') {
        flip(d[i]);
      }
    }
  }
}

// -->
</script>

</head>
<body>
<h2 align='center'>Test</h2><table border='1' align="center">
<tr>
<td>Tests passed/Failed/Skipped:</td><td>13/1/0</td>
</tr><tr>
<td>Started on:</td><td>Tue Feb 23 09:07:26 IST 2021</td>
</tr>
<tr><td>Total time:</td><td>1464 seconds (1464925 ms)</td>
</tr><tr>
<td>Included groups:</td><td></td>
</tr><tr>
<td>Excluded groups:</td><td></td>
</tr>
</table><p/>
<small><i>(Hover the method name to see the test class name)</i></small><p/>
<table width='100%' border='1' class='invocation-failed'>
<tr><td colspan='4' align='center'><b>FAILED TESTS</b></td></tr>
<tr><td><b>Test method</b></td>
<td width="30%"><b>Exception</b></td>
<td width="10%"><b>Time (seconds)</b></td>
<td><b>Instance</b></td>
</tr>
<tr>
<td title='testScripts.NegativeTestCaseofConfigureContent.negativetestcaseofconfigureContent()'><b>negativetestcaseofconfigureContent</b><br>Test class: testScripts.NegativeTestCaseofConfigureContent</td>
<td><div><pre>org.openqa.selenium.WebDriverException: element click intercepted: Element &lt;input class=&quot;mat-radio-input cdk-visually-hidden&quot; type=&quot;radio&quot; id=&quot;mat-radio-12-input&quot; tabindex=&quot;0&quot; name=&quot;mat-radio-group-8&quot;&gt; is not clickable at point (1233, 478). Other element would receive the click: &lt;label class=&quot;mat-radio-label&quot; for=&quot;mat-radio-12-input&quot;&gt;...&lt;/label&gt;
  (Session info: chrome=88.0.4324.182)
  (Driver info: chromedriver=88.0.4324.96 (68dba2d8a0b149a1d3afac56fa74648032bcf46b-refs/branch-heads/4324@{#1784}),platform=Windows NT 10.0.18363 x86_64) (WARNING: The server did not provide any stacktrace information)
Command duration or timeout: 1.09 seconds
Build info: version: &apos;2.53.0&apos;, revision: &apos;35ae25b&apos;, time: &apos;2016-03-15 17:00:58&apos;
System info: host: &apos;DESKTOP-N0BUBRI&apos;, ip: &apos;192.168.1.191&apos;, os.name: &apos;Windows 10&apos;, os.arch: &apos;amd64&apos;, os.version: &apos;10.0&apos;, java.version: &apos;15.0.2&apos;
Driver info: org.openqa.selenium.chrome.ChromeDriver
Capabilities [{mobileEmulationEnabled=false, timeouts={implicit=0, pageLoad=300000, script=30000}, hasTouchScreen=false, platform=XP, acceptSslCerts=false, goog:chromeOptions={debuggerAddress=localhost:59071}, acceptInsecureCerts=false, webStorageEnabled=true, browserName=chrome, takesScreenshot=true, javascriptEnabled=true, setWindowRect=true, webauthn:extension:largeBlob=true, unexpectedAlertBehaviour=ignore, applicationCacheEnabled=false, rotatable=false, networkConnectionEnabled=false, chrome={chromedriverVersion=88.0.4324.96 (68dba2d8a0b149a1d3afac56fa74648032bcf46b-refs/branch-heads/4324@{#1784}), userDataDir=C:\Users\ASTR-34\AppData\Local\Temp\scoped_dir1556_1861188157}, takesHeapSnapshot=true, pageLoadStrategy=normal, strictFileInteractability=false, databaseEnabled=false, handlesAlerts=true, version=88.0.4324.182, browserConnectionEnabled=false, proxy={}, nativeEvents=true, locationContextEnabled=true, cssSelectorsEnabled=true, webauthn:virtualAuthenticators=true}]
Session ID: 94809df1071647e63003282ad08cc711
	at org.openqa.selenium.remote.ErrorHandler.createThrowable(ErrorHandler.java:206)
	at org.openqa.selenium.remote.ErrorHandler.throwIfResponseFailed(ErrorHandler.java:158)
	at org.openqa.selenium.remote.RemoteWebDriver.execute(RemoteWebDriver.java:678)
	at org.openqa.selenium.remote.RemoteWebElement.execute(RemoteWebElement.java:327)
	at org.openqa.selenium.remote.RemoteWebElement.click(RemoteWebElement.java:85)
	at generalMethods.GeneralFunc.click(GeneralFunc.java:187)
	at appfunction.AppFunc.negativetestcaseofconfigureContent(AppFunc.java:1435)
	at testScripts.NegativeTestCaseofConfigureContent.negativetestcaseofconfigureContent(NegativeTestCaseofConfigureContent.java:24)
	at java.base/java.util.ArrayList.forEach(ArrayList.java:1511)
... Removed 32 stack frames</pre></div><a href='#' onClick='toggleBox("stack-trace1197721383", this, "Click to show all stack frames", "Click to hide stack frames")'>Click to show all stack frames</a>
<div class='stack-trace' id='stack-trace1197721383'><pre>org.openqa.selenium.WebDriverException: element click intercepted: Element &lt;input class=&quot;mat-radio-input cdk-visually-hidden&quot; type=&quot;radio&quot; id=&quot;mat-radio-12-input&quot; tabindex=&quot;0&quot; name=&quot;mat-radio-group-8&quot;&gt; is not clickable at point (1233, 478). Other element would receive the click: &lt;label class=&quot;mat-radio-label&quot; for=&quot;mat-radio-12-input&quot;&gt;...&lt;/label&gt;
  (Session info: chrome=88.0.4324.182)
  (Driver info: chromedriver=88.0.4324.96 (68dba2d8a0b149a1d3afac56fa74648032bcf46b-refs/branch-heads/4324@{#1784}),platform=Windows NT 10.0.18363 x86_64) (WARNING: The server did not provide any stacktrace information)
Command duration or timeout: 1.09 seconds
Build info: version: &apos;2.53.0&apos;, revision: &apos;35ae25b&apos;, time: &apos;2016-03-15 17:00:58&apos;
System info: host: &apos;DESKTOP-N0BUBRI&apos;, ip: &apos;192.168.1.191&apos;, os.name: &apos;Windows 10&apos;, os.arch: &apos;amd64&apos;, os.version: &apos;10.0&apos;, java.version: &apos;15.0.2&apos;
Driver info: org.openqa.selenium.chrome.ChromeDriver
Capabilities [{mobileEmulationEnabled=false, timeouts={implicit=0, pageLoad=300000, script=30000}, hasTouchScreen=false, platform=XP, acceptSslCerts=false, goog:chromeOptions={debuggerAddress=localhost:59071}, acceptInsecureCerts=false, webStorageEnabled=true, browserName=chrome, takesScreenshot=true, javascriptEnabled=true, setWindowRect=true, webauthn:extension:largeBlob=true, unexpectedAlertBehaviour=ignore, applicationCacheEnabled=false, rotatable=false, networkConnectionEnabled=false, chrome={chromedriverVersion=88.0.4324.96 (68dba2d8a0b149a1d3afac56fa74648032bcf46b-refs/branch-heads/4324@{#1784}), userDataDir=C:\Users\ASTR-34\AppData\Local\Temp\scoped_dir1556_1861188157}, takesHeapSnapshot=true, pageLoadStrategy=normal, strictFileInteractability=false, databaseEnabled=false, handlesAlerts=true, version=88.0.4324.182, browserConnectionEnabled=false, proxy={}, nativeEvents=true, locationContextEnabled=true, cssSelectorsEnabled=true, webauthn:virtualAuthenticators=true}]
Session ID: 94809df1071647e63003282ad08cc711
	at java.base/jdk.internal.reflect.NativeConstructorAccessorImpl.newInstance0(Native Method)
	at java.base/jdk.internal.reflect.NativeConstructorAccessorImpl.newInstance(NativeConstructorAccessorImpl.java:64)
	at java.base/jdk.internal.reflect.DelegatingConstructorAccessorImpl.newInstance(DelegatingConstructorAccessorImpl.java:45)
	at java.base/java.lang.reflect.Constructor.newInstanceWithCaller(Constructor.java:500)
	at java.base/java.lang.reflect.Constructor.newInstance(Constructor.java:481)
	at org.openqa.selenium.remote.ErrorHandler.createThrowable(ErrorHandler.java:206)
	at org.openqa.selenium.remote.ErrorHandler.throwIfResponseFailed(ErrorHandler.java:158)
	at org.openqa.selenium.remote.RemoteWebDriver.execute(RemoteWebDriver.java:678)
	at org.openqa.selenium.remote.RemoteWebElement.execute(RemoteWebElement.java:327)
	at org.openqa.selenium.remote.RemoteWebElement.click(RemoteWebElement.java:85)
	at generalMethods.GeneralFunc.click(GeneralFunc.java:187)
	at appfunction.AppFunc.negativetestcaseofconfigureContent(AppFunc.java:1435)
	at testScripts.NegativeTestCaseofConfigureContent.negativetestcaseofconfigureContent(NegativeTestCaseofConfigureContent.java:24)
	at java.base/jdk.internal.reflect.NativeMethodAccessorImpl.invoke0(Native Method)
	at java.base/jdk.internal.reflect.NativeMethodAccessorImpl.invoke(NativeMethodAccessorImpl.java:64)
	at java.base/jdk.internal.reflect.DelegatingMethodAccessorImpl.invoke(DelegatingMethodAccessorImpl.java:43)
	at java.base/java.lang.reflect.Method.invoke(Method.java:564)
	at org.testng.internal.MethodInvocationHelper.invokeMethod(MethodInvocationHelper.java:132)
	at org.testng.internal.TestInvoker.invokeMethod(TestInvoker.java:599)
	at org.testng.internal.TestInvoker.invokeTestMethod(TestInvoker.java:174)
	at org.testng.internal.MethodRunner.runInSequence(MethodRunner.java:46)
	at org.testng.internal.TestInvoker$MethodInvocationAgent.invoke(TestInvoker.java:822)
	at org.testng.internal.TestInvoker.invokeTestMethods(TestInvoker.java:147)
	at org.testng.internal.TestMethodWorker.invokeTestMethods(TestMethodWorker.java:146)
	at org.testng.internal.TestMethodWorker.run(TestMethodWorker.java:128)
	at java.base/java.util.ArrayList.forEach(ArrayList.java:1511)
	at org.testng.TestRunner.privateRun(TestRunner.java:764)
	at org.testng.TestRunner.run(TestRunner.java:585)
	at org.testng.SuiteRunner.runTest(SuiteRunner.java:384)
	at org.testng.SuiteRunner.runSequentially(SuiteRunner.java:378)
	at org.testng.SuiteRunner.privateRun(SuiteRunner.java:337)
	at org.testng.SuiteRunner.run(SuiteRunner.java:286)
	at org.testng.SuiteRunnerWorker.runSuite(SuiteRunnerWorker.java:53)
	at org.testng.SuiteRunnerWorker.run(SuiteRunnerWorker.java:96)
	at org.testng.TestNG.runSuitesSequentially(TestNG.java:1218)
	at org.testng.TestNG.runSuitesLocally(TestNG.java:1140)
	at org.testng.TestNG.runSuites(TestNG.java:1069)
	at org.testng.TestNG.run(TestNG.java:1037)
	at org.testng.remote.AbstractRemoteTestNG.run(AbstractRemoteTestNG.java:115)
	at org.testng.remote.RemoteTestNG.initAndRun(RemoteTestNG.java:251)
	at org.testng.remote.RemoteTestNG.main(RemoteTestNG.java:77)
</pre></div></td>
<td>256</td>
<td>testScripts.NegativeTestCaseofConfigureContent@1e802ef9</td></tr>
</table><p>
<table width='100%' border='1' class='invocation-passed'>
<tr><td colspan='4' align='center'><b>PASSED TESTS</b></td></tr>
<tr><td><b>Test method</b></td>
<td width="30%"><b>Exception</b></td>
<td width="10%"><b>Time (seconds)</b></td>
<td><b>Instance</b></td>
</tr>
<tr>
<td title='testScripts.ConfigureContent.ConfigureContents()'><b>ConfigureContents</b><br>Test class: testScripts.ConfigureContent</td>
<td></td>
<td>148</td>
<td>testScripts.ConfigureContent@7f010382</td></tr>
<tr>
<td title='testScripts.ForgotPassWithInvalidOtp.ForgotPasswordwithInvlidOTP()'><b>ForgotPasswordwithInvlidOTP</b><br>Test class: testScripts.ForgotPassWithInvalidOtp</td>
<td></td>
<td>56</td>
<td>testScripts.ForgotPassWithInvalidOtp@1677d1</td></tr>
<tr>
<td title='testScripts.NegativeTestCaseofUploadContent.NegativeTestcaseofUploadContent()'><b>NegativeTestcaseofUploadContent</b><br>Test class: testScripts.NegativeTestCaseofUploadContent</td>
<td></td>
<td>172</td>
<td>testScripts.NegativeTestCaseofUploadContent@4313f5bc</td></tr>
<tr>
<td title='testScripts.DashboardTestCase.dashboard()'><b>dashboard</b><br>Test class: testScripts.DashboardTestCase</td>
<td></td>
<td>91</td>
<td>testScripts.DashboardTestCase@5e316c74</td></tr>
<tr>
<td title='testScripts.ForgotPassword.forgotpassword()'><b>forgotpassword</b><br>Test class: testScripts.ForgotPassword</td>
<td></td>
<td>120</td>
<td>testScripts.ForgotPassword@48fa0f47</td></tr>
<tr>
<td title='testScripts.IndexTestCase.indexpage()'><b>indexpage</b><br>Test class: testScripts.IndexTestCase</td>
<td></td>
<td>171</td>
<td>testScripts.IndexTestCase@6ac13091</td></tr>
<tr>
<td title='testScripts.NegativeTestcasesofProfilePage.negativetestcaseofprofile()'><b>negativetestcaseofprofile</b><br>Test class: testScripts.NegativeTestcasesofProfilePage</td>
<td></td>
<td>84</td>
<td>testScripts.NegativeTestcasesofProfilePage@75329a49</td></tr>
<tr>
<td title='testScripts.TestCasesofProfilePage.profilepage()'><b>profilepage</b><br>Test class: testScripts.TestCasesofProfilePage</td>
<td></td>
<td>108</td>
<td>testScripts.TestCasesofProfilePage@6d2a209c</td></tr>
<tr>
<td title='testScripts.SignInTestCase.signIntestcase()'><b>signIntestcase</b><br>Test class: testScripts.SignInTestCase</td>
<td></td>
<td>27</td>
<td>testScripts.SignInTestCase@12e61fe6</td></tr>
<tr>
<td title='testScripts.SignInNegativeTestCase.signinNegativetestcase()'><b>signinNegativetestcase</b><br>Test class: testScripts.SignInNegativeTestCase</td>
<td></td>
<td>26</td>
<td>testScripts.SignInNegativeTestCase@7ee955a8</td></tr>
<tr>
<td title='testScripts.SignupTestCase.signup()'><b>signup</b><br>Test class: testScripts.SignupTestCase</td>
<td></td>
<td>40</td>
<td>testScripts.SignupTestCase@51e5fc98</td></tr>
<tr>
<td title='testScripts.SignupNegativeTestCase.signupNegativeTestcase()'><b>signupNegativeTestcase</b><br>Test class: testScripts.SignupNegativeTestCase</td>
<td></td>
<td>30</td>
<td>testScripts.SignupNegativeTestCase@7c469c48</td></tr>
<tr>
<td title='testScripts.UploadContentTestCase.uploadContent()'><b>uploadContent</b><br>Test class: testScripts.UploadContentTestCase</td>
<td></td>
<td>128</td>
<td>testScripts.UploadContentTestCase@161479c6</td></tr>
</table><p>
</body>
</html>