<?xml version="1.0" encoding="UTF-8"?>
<!-- Generated by org.testng.reporters.JUnitXMLReporter -->
<testsuite ignored="0" hostname="DESKTOP-N0BUBRI" failures="1" tests="14" name="Test" time="1464.925" errors="0" timestamp="2021-02-23T09:31:51 IST">
  <testcase classname="testScripts.SignupTestCase" name="signup" time="40.419"/>
  <testcase classname="testScripts.SignupNegativeTestCase" name="signupNegativeTestcase" time="30.817"/>
  <testcase classname="testScripts.SignInTestCase" name="signIntestcase" time="27.617"/>
  <testcase classname="testScripts.SignInNegativeTestCase" name="signinNegativetestcase" time="26.417"/>
  <testcase classname="testScripts.ForgotPassWithInvalidOtp" name="ForgotPasswordwithInvlidOTP" time="56.19"/>
  <testcase classname="testScripts.ForgotPassword" name="forgotpassword" time="120.821"/>
  <testcase classname="testScripts.IndexTestCase" name="indexpage" time="171.543"/>
  <testcase classname="testScripts.DashboardTestCase" name="dashboard" time="91.586"/>
  <testcase classname="testScripts.TestCasesofProfilePage" name="profilepage" time="108.703"/>
  <testcase classname="testScripts.NegativeTestcasesofProfilePage" name="negativetestcaseofprofile" time="84.05"/>
  <testcase classname="testScripts.UploadContentTestCase" name="uploadContent" time="128.618"/>
  <testcase classname="testScripts.NegativeTestCaseofUploadContent" name="NegativeTestcaseofUploadContent" time="172.874"/>
  <testcase classname="testScripts.ConfigureContent" name="ConfigureContents" time="148.996"/>
  <testcase classname="testScripts.NegativeTestCaseofConfigureContent" name="negativetestcaseofconfigureContent" time="256.189">
    <failure type="org.openqa.selenium.WebDriverException" message="element click intercepted: Element &amp;lt;input class=&amp;quot;mat-radio-input cdk-visually-hidden&amp;quot; type=&amp;quot;radio&amp;quot; id=&amp;quot;mat-radio-12-input&amp;quot; tabindex=&amp;quot;0&amp;quot; name=&amp;quot;mat-radio-group-8&amp;quot;&amp;gt; is not clickable at point (1233, 478). Other element would receive the click: &amp;lt;label class=&amp;quot;mat-radio-label&amp;quot; for=&amp;quot;mat-radio-12-input&amp;quot;&amp;gt;...&amp;lt;/label&amp;gt;
  (Session info: chrome=88.0.4324.182)
  (Driver info: chromedriver=88.0.4324.96 (68dba2d8a0b149a1d3afac56fa74648032bcf46b-refs/branch-heads/4324@{#1784}),platform=Windows NT 10.0.18363 x86_64) (WARNING: The server did not provide any stacktrace information)
Command duration or timeout: 1.09 seconds
Build info: version: &amp;apos;2.53.0&amp;apos;, revision: &amp;apos;35ae25b&amp;apos;, time: &amp;apos;2016-03-15 17:00:58&amp;apos;
System info: host: &amp;apos;DESKTOP-N0BUBRI&amp;apos;, ip: &amp;apos;192.168.1.191&amp;apos;, os.name: &amp;apos;Windows 10&amp;apos;, os.arch: &amp;apos;amd64&amp;apos;, os.version: &amp;apos;10.0&amp;apos;, java.version: &amp;apos;15.0.2&amp;apos;
Driver info: org.openqa.selenium.chrome.ChromeDriver
Capabilities [{mobileEmulationEnabled=false, timeouts={implicit=0, pageLoad=300000, script=30000}, hasTouchScreen=false, platform=XP, acceptSslCerts=false, goog:chromeOptions={debuggerAddress=localhost:59071}, acceptInsecureCerts=false, webStorageEnabled=true, browserName=chrome, takesScreenshot=true, javascriptEnabled=true, setWindowRect=true, webauthn:extension:largeBlob=true, unexpectedAlertBehaviour=ignore, applicationCacheEnabled=false, rotatable=false, networkConnectionEnabled=false, chrome={chromedriverVersion=88.0.4324.96 (68dba2d8a0b149a1d3afac56fa74648032bcf46b-refs/branch-heads/4324@{#1784}), userDataDir=C:\Users\ASTR-34\AppData\Local\Temp\scoped_dir1556_1861188157}, takesHeapSnapshot=true, pageLoadStrategy=normal, strictFileInteractability=false, databaseEnabled=false, handlesAlerts=true, version=88.0.4324.182, browserConnectionEnabled=false, proxy={}, nativeEvents=true, locationContextEnabled=true, cssSelectorsEnabled=true, webauthn:virtualAuthenticators=true}]
Session ID: 94809df1071647e63003282ad08cc711">
      <![CDATA[org.openqa.selenium.WebDriverException: element click intercepted: Element <input class="mat-radio-input cdk-visually-hidden" type="radio" id="mat-radio-12-input" tabindex="0" name="mat-radio-group-8"> is not clickable at point (1233, 478). Other element would receive the click: <label class="mat-radio-label" for="mat-radio-12-input">...</label>
  (Session info: chrome=88.0.4324.182)
  (Driver info: chromedriver=88.0.4324.96 (68dba2d8a0b149a1d3afac56fa74648032bcf46b-refs/branch-heads/4324@{#1784}),platform=Windows NT 10.0.18363 x86_64) (WARNING: The server did not provide any stacktrace information)
Command duration or timeout: 1.09 seconds
Build info: version: '2.53.0', revision: '35ae25b', time: '2016-03-15 17:00:58'
System info: host: 'DESKTOP-N0BUBRI', ip: '192.168.1.191', os.name: 'Windows 10', os.arch: 'amd64', os.version: '10.0', java.version: '15.0.2'
Driver info: org.openqa.selenium.chrome.ChromeDriver
Capabilities [{mobileEmulationEnabled=false, timeouts={implicit=0, pageLoad=300000, script=30000}, hasTouchScreen=false, platform=XP, acceptSslCerts=false, goog:chromeOptions={debuggerAddress=localhost:59071}, acceptInsecureCerts=false, webStorageEnabled=true, browserName=chrome, takesScreenshot=true, javascriptEnabled=true, setWindowRect=true, webauthn:extension:largeBlob=true, unexpectedAlertBehaviour=ignore, applicationCacheEnabled=false, rotatable=false, networkConnectionEnabled=false, chrome={chromedriverVersion=88.0.4324.96 (68dba2d8a0b149a1d3afac56fa74648032bcf46b-refs/branch-heads/4324@{#1784}), userDataDir=C:\Users\ASTR-34\AppData\Local\Temp\scoped_dir1556_1861188157}, takesHeapSnapshot=true, pageLoadStrategy=normal, strictFileInteractability=false, databaseEnabled=false, handlesAlerts=true, version=88.0.4324.182, browserConnectionEnabled=false, proxy={}, nativeEvents=true, locationContextEnabled=true, cssSelectorsEnabled=true, webauthn:virtualAuthenticators=true}]
Session ID: 94809df1071647e63003282ad08cc711
at org.openqa.selenium.remote.ErrorHandler.createThrowable(ErrorHandler.java:206)
at org.openqa.selenium.remote.ErrorHandler.throwIfResponseFailed(ErrorHandler.java:158)
at org.openqa.selenium.remote.RemoteWebDriver.execute(RemoteWebDriver.java:678)
at org.openqa.selenium.remote.RemoteWebElement.execute(RemoteWebElement.java:327)
at org.openqa.selenium.remote.RemoteWebElement.click(RemoteWebElement.java:85)
at generalMethods.GeneralFunc.click(GeneralFunc.java:187)
at appfunction.AppFunc.negativetestcaseofconfigureContent(AppFunc.java:1435)
at testScripts.NegativeTestCaseofConfigureContent.negativetestcaseofconfigureContent(NegativeTestCaseofConfigureContent.java:24)
at java.base/java.util.ArrayList.forEach(ArrayList.java:1511)
... Removed 32 stack frames]]>
    </failure>
  </testcase> <!-- negativetestcaseofconfigureContent -->
</testsuite> <!-- Test -->
